2025-04-01 12:23:55,430 - ERROR - Error 404: http://127.0.0.1:5000/asda - 404 Not Found: The requested URL was not found on the server. If you entered the URL manually please check your spelling and try again.
2025-04-01 17:27:28,700 - ERROR - Error 404: http://localhost:5000/favicon.ico - 404 Not Found: The requested URL was not found on the server. If you entered the URL manually please check your spelling and try again.
2025-04-01 18:59:13,727 - ERROR - Error 404: http://localhost:5000/static/js/main.js - 404 Not Found: The requested URL was not found on the server. If you entered the URL manually please check your spelling and try again.
2025-04-01 18:59:13,744 - ERROR - Error 404: http://localhost:5000/static/css/tailwindcss - 404 Not Found: The requested URL was not found on the server. If you entered the URL manually please check your spelling and try again.
2025-04-01 18:59:14,053 - ERROR - Error 404: http://localhost:5000/static/css/flowbite/src/themes/default - 404 Not Found: The requested URL was not found on the server. If you entered the URL manually please check your spelling and try again.
2025-04-01 19:01:27,794 - ERROR - Error 404: http://localhost:5000/static/js/main.js - 404 Not Found: The requested URL was not found on the server. If you entered the URL manually please check your spelling and try again.
2025-04-01 19:01:28,060 - ERROR - Error 404: http://localhost:5000/static/css/tailwindcss - 404 Not Found: The requested URL was not found on the server. If you entered the URL manually please check your spelling and try again.
2025-04-01 19:01:28,154 - ERROR - Error 404: http://localhost:5000/static/css/flowbite/src/themes/default - 404 Not Found: The requested URL was not found on the server. If you entered the URL manually please check your spelling and try again.
2025-04-01 23:06:30,128 - ERROR - Error 404: http://127.0.0.1:5000/favicon.ico - 404 Not Found: The requested URL was not found on the server. If you entered the URL manually please check your spelling and try again.
2025-04-01 23:39:47,356 - ERROR - Error 404: http://127.0.0.1:5000/favicon.ico - 404 Not Found: The requested URL was not found on the server. If you entered the URL manually please check your spelling and try again.
2025-04-01 23:39:47,512 - ERROR - Error 404: http://localhost:5000/favicon.ico - 404 Not Found: The requested URL was not found on the server. If you entered the URL manually please check your spelling and try again.
2025-04-02 11:47:07,369 - ERROR - Error 404: http://localhost:5000/favicon.ico - 404 Not Found: The requested URL was not found on the server. If you entered the URL manually please check your spelling and try again.
2025-04-02 11:49:28,994 - ERROR - Error en 'index' - http://localhost:5000/inventario - Could not build url for endpoint 'registro_compras_bp.compras'. Did you mean 'detalle_compras_bp.index' instead?
2025-04-02 11:52:51,108 - ERROR - Error 404: http://localhost:5000/static/js/inventario.js - 404 Not Found: The requested URL was not found on the server. If you entered the URL manually please check your spelling and try again.
2025-04-02 11:52:56,999 - ERROR - Error 404: http://localhost:5000/static/js/inventario.js - 404 Not Found: The requested URL was not found on the server. If you entered the URL manually please check your spelling and try again.
2025-04-02 11:53:17,287 - ERROR - Error 404: http://localhost:5000/static/js/inventario.js - 404 Not Found: The requested URL was not found on the server. If you entered the URL manually please check your spelling and try again.
2025-04-02 11:53:19,402 - ERROR - Error 404: http://localhost:5000/static/js/inventario.js - 404 Not Found: The requested URL was not found on the server. If you entered the URL manually please check your spelling and try again.
2025-04-02 11:53:20,995 - ERROR - Error 404: http://localhost:5000/static/js/inventario.js - 404 Not Found: The requested URL was not found on the server. If you entered the URL manually please check your spelling and try again.
2025-04-02 11:53:22,342 - ERROR - Error 404: http://localhost:5000/static/js/inventario.js - 404 Not Found: The requested URL was not found on the server. If you entered the URL manually please check your spelling and try again.
2025-04-02 11:53:23,610 - ERROR - Error 404: http://localhost:5000/static/js/inventario.js - 404 Not Found: The requested URL was not found on the server. If you entered the URL manually please check your spelling and try again.
2025-04-02 11:53:31,549 - ERROR - Error 404: http://localhost:5000/static/js/inventario.js - 404 Not Found: The requested URL was not found on the server. If you entered the URL manually please check your spelling and try again.
2025-04-02 11:53:33,440 - ERROR - Error 404: http://localhost:5000/static/js/inventario.js - 404 Not Found: The requested URL was not found on the server. If you entered the URL manually please check your spelling and try again.
2025-04-02 11:53:43,717 - ERROR - Error 404: http://localhost:5000/static/js/inventario.js - 404 Not Found: The requested URL was not found on the server. If you entered the URL manually please check your spelling and try again.
2025-04-02 11:53:44,931 - ERROR - Error 404: http://localhost:5000/static/js/inventario.js - 404 Not Found: The requested URL was not found on the server. If you entered the URL manually please check your spelling and try again.
2025-04-02 11:53:46,572 - ERROR - Error 404: http://localhost:5000/static/js/inventario.js - 404 Not Found: The requested URL was not found on the server. If you entered the URL manually please check your spelling and try again.
2025-04-02 11:53:47,970 - ERROR - Error 404: http://localhost:5000/static/js/inventario.js - 404 Not Found: The requested URL was not found on the server. If you entered the URL manually please check your spelling and try again.
2025-04-02 11:53:50,149 - ERROR - Error 404: http://localhost:5000/static/js/inventario.js - 404 Not Found: The requested URL was not found on the server. If you entered the URL manually please check your spelling and try again.
2025-04-02 11:53:52,023 - ERROR - Error 404: http://localhost:5000/static/js/receta.js - 404 Not Found: The requested URL was not found on the server. If you entered the URL manually please check your spelling and try again.
2025-04-02 11:53:52,026 - ERROR - Error 404: http://localhost:5000/static/js/inventario.js - 404 Not Found: The requested URL was not found on the server. If you entered the URL manually please check your spelling and try again.
2025-04-02 11:54:16,430 - ERROR - Error 404: http://localhost:5000/static/js/receta.js - 404 Not Found: The requested URL was not found on the server. If you entered the URL manually please check your spelling and try again.
2025-04-02 11:54:16,434 - ERROR - Error 404: http://localhost:5000/static/js/inventario.js - 404 Not Found: The requested URL was not found on the server. If you entered the URL manually please check your spelling and try again.
2025-04-02 11:54:25,000 - ERROR - Error 404: http://localhost:5000/static/js/receta.js - 404 Not Found: The requested URL was not found on the server. If you entered the URL manually please check your spelling and try again.
2025-04-02 11:54:25,009 - ERROR - Error 404: http://localhost:5000/static/js/inventario.js - 404 Not Found: The requested URL was not found on the server. If you entered the URL manually please check your spelling and try again.
2025-04-02 11:54:31,855 - ERROR - Error 404: http://localhost:5000/static/js/receta.js - 404 Not Found: The requested URL was not found on the server. If you entered the URL manually please check your spelling and try again.
2025-04-02 11:54:31,856 - ERROR - Error 404: http://localhost:5000/static/js/inventario.js - 404 Not Found: The requested URL was not found on the server. If you entered the URL manually please check your spelling and try again.
2025-04-02 11:54:55,230 - ERROR - Error 404: http://localhost:5000/static/js/inventario.js - 404 Not Found: The requested URL was not found on the server. If you entered the URL manually please check your spelling and try again.
2025-04-02 11:54:57,207 - ERROR - Error 404: http://localhost:5000/static/js/receta.js - 404 Not Found: The requested URL was not found on the server. If you entered the URL manually please check your spelling and try again.
2025-04-02 11:54:57,210 - ERROR - Error 404: http://localhost:5000/static/js/inventario.js - 404 Not Found: The requested URL was not found on the server. If you entered the URL manually please check your spelling and try again.
2025-04-02 11:55:05,867 - ERROR - Error 404: http://localhost:5000/static/js/inventario.js - 404 Not Found: The requested URL was not found on the server. If you entered the URL manually please check your spelling and try again.
2025-04-02 11:55:13,417 - ERROR - Error 404: http://localhost:5000/static/js/inventario.js - 404 Not Found: The requested URL was not found on the server. If you entered the URL manually please check your spelling and try again.
2025-04-02 11:55:14,653 - ERROR - Error 404: http://localhost:5000/static/js/inventario.js - 404 Not Found: The requested URL was not found on the server. If you entered the URL manually please check your spelling and try again.
2025-04-02 11:55:15,584 - ERROR - Error 404: http://localhost:5000/static/js/inventario.js - 404 Not Found: The requested URL was not found on the server. If you entered the URL manually please check your spelling and try again.
2025-04-02 11:55:18,252 - ERROR - Error en 'index' - http://localhost:5000/proveedores/proveedores - Could not build url for endpoint 'provedor_bp.cambiar_estatus'. Did you forget to specify values ['id']?
2025-04-02 11:55:52,508 - ERROR - Error 404: http://localhost:5000/static/js/inventario.js - 404 Not Found: The requested URL was not found on the server. If you entered the URL manually please check your spelling and try again.
2025-04-02 11:55:53,356 - ERROR - Error en 'index' - http://localhost:5000/proveedores/proveedores - Could not build url for endpoint 'provedor_bp.cambiar_estatus'. Did you forget to specify values ['id']?
2025-04-02 11:56:22,928 - ERROR - Error 404: http://localhost:5000/proveedores - 404 Not Found: The requested URL was not found on the server. If you entered the URL manually please check your spelling and try again.
2025-04-02 11:56:26,815 - ERROR - Error 404: http://localhost:5000/static/js/inventario.js - 404 Not Found: The requested URL was not found on the server. If you entered the URL manually please check your spelling and try again.
2025-04-02 11:56:32,071 - ERROR - Error 404: http://localhost:5000/static/js/inventario.js - 404 Not Found: The requested URL was not found on the server. If you entered the URL manually please check your spelling and try again.
2025-04-02 11:56:41,618 - ERROR - Error 404: http://localhost:5000/static/js/inventario.js - 404 Not Found: The requested URL was not found on the server. If you entered the URL manually please check your spelling and try again.
2025-04-02 11:56:43,348 - ERROR - Error en 'index' - http://localhost:5000/proveedores/proveedores - Could not build url for endpoint 'provedor_bp.cambiar_estatus'. Did you forget to specify values ['id']?
2025-04-02 11:56:45,333 - ERROR - Error 404: http://localhost:5000/static/js/inventario.js - 404 Not Found: The requested URL was not found on the server. If you entered the URL manually please check your spelling and try again.
2025-04-02 11:56:45,844 - ERROR - Error 404: http://localhost:5000/static/js/inventario.js - 404 Not Found: The requested URL was not found on the server. If you entered the URL manually please check your spelling and try again.
2025-04-02 11:56:48,913 - ERROR - Error 404: http://localhost:5000/static/js/inventario.js - 404 Not Found: The requested URL was not found on the server. If you entered the URL manually please check your spelling and try again.
2025-04-02 11:56:56,043 - ERROR - Error 404: http://localhost:5000/static/js/inventario.js - 404 Not Found: The requested URL was not found on the server. If you entered the URL manually please check your spelling and try again.
2025-04-02 11:56:57,578 - ERROR - Error 404: http://localhost:5000/static/js/inventario.js - 404 Not Found: The requested URL was not found on the server. If you entered the URL manually please check your spelling and try again.
2025-04-02 11:56:59,165 - ERROR - Error 404: http://localhost:5000/static/js/inventario.js - 404 Not Found: The requested URL was not found on the server. If you entered the URL manually please check your spelling and try again.
2025-04-02 11:58:13,406 - ERROR - Error 404: http://localhost:5000/static/js/inventario.js - 404 Not Found: The requested URL was not found on the server. If you entered the URL manually please check your spelling and try again.
2025-04-02 11:58:20,058 - ERROR - Error 404: http://localhost:5000/static/js/inventario.js - 404 Not Found: The requested URL was not found on the server. If you entered the URL manually please check your spelling and try again.
2025-04-02 11:58:46,924 - ERROR - Error 404: http://localhost:5000/static/js/inventario.js - 404 Not Found: The requested URL was not found on the server. If you entered the URL manually please check your spelling and try again.
2025-04-02 11:58:48,252 - ERROR - Error 404: http://localhost:5000/static/js/inventario.js - 404 Not Found: The requested URL was not found on the server. If you entered the URL manually please check your spelling and try again.
2025-04-02 11:58:50,634 - ERROR - Error en 'index' - http://localhost:5000/proveedores/proveedores - Could not build url for endpoint 'provedor_bp.cambiar_estatus'. Did you forget to specify values ['id']?
2025-04-02 11:58:53,115 - ERROR - Error 404: http://localhost:5000/static/js/inventario.js - 404 Not Found: The requested URL was not found on the server. If you entered the URL manually please check your spelling and try again.
2025-04-02 11:58:53,771 - ERROR - Error en 'index' - http://localhost:5000/proveedores/proveedores - Could not build url for endpoint 'provedor_bp.cambiar_estatus'. Did you forget to specify values ['id']?
2025-04-02 11:58:55,436 - ERROR - Error 404: http://localhost:5000/static/js/inventario.js - 404 Not Found: The requested URL was not found on the server. If you entered the URL manually please check your spelling and try again.
2025-04-02 11:58:57,237 - ERROR - Error 404: http://localhost:5000/static/js/inventario.js - 404 Not Found: The requested URL was not found on the server. If you entered the URL manually please check your spelling and try again.
2025-04-02 11:58:58,727 - ERROR - Error 404: http://localhost:5000/static/js/inventario.js - 404 Not Found: The requested URL was not found on the server. If you entered the URL manually please check your spelling and try again.
2025-04-02 11:59:00,993 - ERROR - Error 404: http://localhost:5000/static/js/inventario.js - 404 Not Found: The requested URL was not found on the server. If you entered the URL manually please check your spelling and try again.
2025-04-02 11:59:00,997 - ERROR - Error 404: http://localhost:5000/static/js/receta.js - 404 Not Found: The requested URL was not found on the server. If you entered the URL manually please check your spelling and try again.
2025-04-02 11:59:08,007 - ERROR - Error 404: http://localhost:5000/static/js/inventario.js - 404 Not Found: The requested URL was not found on the server. If you entered the URL manually please check your spelling and try again.
2025-04-02 11:59:16,774 - ERROR - Error 404: http://localhost:5000/static/js/inventario.js - 404 Not Found: The requested URL was not found on the server. If you entered the URL manually please check your spelling and try again.
2025-04-02 12:03:04,114 - ERROR - Error 404: http://localhost:5000/static/js/inventario.js - 404 Not Found: The requested URL was not found on the server. If you entered the URL manually please check your spelling and try again.
2025-04-02 12:03:14,677 - ERROR - Error 404: http://localhost:5000/static/js/inventario.js - 404 Not Found: The requested URL was not found on the server. If you entered the URL manually please check your spelling and try again.
2025-04-02 12:03:51,173 - ERROR - Error 404: http://localhost:5000/static/js/inventario.js - 404 Not Found: The requested URL was not found on the server. If you entered the URL manually please check your spelling and try again.
2025-04-02 12:04:04,096 - ERROR - Error 404: http://localhost:5000/static/js/inventario.js - 404 Not Found: The requested URL was not found on the server. If you entered the URL manually please check your spelling and try again.
2025-04-02 12:05:26,564 - ERROR - Error 404: http://localhost:5000/static/js/inventario.js - 404 Not Found: The requested URL was not found on the server. If you entered the URL manually please check your spelling and try again.
2025-04-02 12:12:52,374 - ERROR - Error en 'index' - http://localhost:5000/proveedores/proveedores - Could not build url for endpoint 'provedor_bp.cambiar_estatus'. Did you forget to specify values ['id']?
2025-04-02 12:13:50,518 - ERROR - Error 404: http://localhost:5000/static/js/inventario.js - 404 Not Found: The requested URL was not found on the server. If you entered the URL manually please check your spelling and try again.
2025-04-02 12:13:51,670 - ERROR - Error 404: http://localhost:5000/static/js/inventario.js - 404 Not Found: The requested URL was not found on the server. If you entered the URL manually please check your spelling and try again.
2025-04-02 12:13:59,387 - ERROR - Error 404: http://localhost:5000/static/js/inventario.js - 404 Not Found: The requested URL was not found on the server. If you entered the URL manually please check your spelling and try again.
2025-04-02 12:14:02,271 - ERROR - Error 404: http://localhost:5000/static/js/inventario.js - 404 Not Found: The requested URL was not found on the server. If you entered the URL manually please check your spelling and try again.
2025-04-02 12:14:07,919 - ERROR - Error 404: http://localhost:5000/static/js/inventario.js - 404 Not Found: The requested URL was not found on the server. If you entered the URL manually please check your spelling and try again.
2025-04-02 12:14:13,337 - ERROR - Error 404: http://localhost:5000/static/js/inventario.js - 404 Not Found: The requested URL was not found on the server. If you entered the URL manually please check your spelling and try again.
2025-04-02 12:14:22,526 - ERROR - Error 404: http://localhost:5000/static/js/inventario.js - 404 Not Found: The requested URL was not found on the server. If you entered the URL manually please check your spelling and try again.
2025-04-02 12:14:28,887 - ERROR - Error 404: http://localhost:5000/static/js/inventario.js - 404 Not Found: The requested URL was not found on the server. If you entered the URL manually please check your spelling and try again.
2025-04-02 12:14:33,295 - ERROR - Error 404: http://localhost:5000/static/js/inventario.js - 404 Not Found: The requested URL was not found on the server. If you entered the URL manually please check your spelling and try again.
2025-04-02 12:16:26,455 - ERROR - Error 404: http://localhost:5000/static/js/inventario.js - 404 Not Found: The requested URL was not found on the server. If you entered the URL manually please check your spelling and try again.
2025-04-02 12:16:31,482 - ERROR - Error 404: http://localhost:5000/static/js/inventario.js - 404 Not Found: The requested URL was not found on the server. If you entered the URL manually please check your spelling and try again.
2025-04-02 12:16:34,316 - ERROR - Error 404: http://localhost:5000/static/js/inventario.js - 404 Not Found: The requested URL was not found on the server. If you entered the URL manually please check your spelling and try again.
2025-04-02 12:16:35,398 - ERROR - Error 404: http://localhost:5000/static/js/inventario.js - 404 Not Found: The requested URL was not found on the server. If you entered the URL manually please check your spelling and try again.
2025-04-02 12:16:37,579 - ERROR - Error 404: http://localhost:5000/static/js/inventario.js - 404 Not Found: The requested URL was not found on the server. If you entered the URL manually please check your spelling and try again.
2025-04-02 12:16:39,085 - ERROR - Error 404: http://localhost:5000/static/js/inventario.js - 404 Not Found: The requested URL was not found on the server. If you entered the URL manually please check your spelling and try again.
2025-04-02 12:17:10,378 - ERROR - Error 404: http://localhost:5000/static/js/inventario.js - 404 Not Found: The requested URL was not found on the server. If you entered the URL manually please check your spelling and try again.
2025-04-02 12:20:49,183 - ERROR - Error 404: http://127.0.0.1:5000/favicon.ico - 404 Not Found: The requested URL was not found on the server. If you entered the URL manually please check your spelling and try again.
2025-04-02 12:20:49,185 - ERROR - Error 404: http://localhost:5000/favicon.ico - 404 Not Found: The requested URL was not found on the server. If you entered the URL manually please check your spelling and try again.
2025-04-02 12:22:08,074 - ERROR - Error 404: http://localhost:5000/static/js/inventario.js - 404 Not Found: The requested URL was not found on the server. If you entered the URL manually please check your spelling and try again.
2025-04-02 12:22:09,597 - ERROR - Error 404: http://localhost:5000/static/js/inventario.js - 404 Not Found: The requested URL was not found on the server. If you entered the URL manually please check your spelling and try again.
2025-04-02 13:01:22,840 - ERROR - Error 404: http://localhost:5000/static/js/inventario.js - 404 Not Found: The requested URL was not found on the server. If you entered the URL manually please check your spelling and try again.
2025-04-02 13:01:26,219 - ERROR - Error en 'index' - http://localhost:5000/proveedores/proveedores - Could not build url for endpoint 'provedor_bp.cambiar_estatus'. Did you forget to specify values ['id']?
2025-04-02 13:03:49,107 - ERROR - Error 404: http://localhost:5000/static/js/inventario.js - 404 Not Found: The requested URL was not found on the server. If you entered the URL manually please check your spelling and try again.
2025-04-02 13:03:54,678 - ERROR - Error 404: http://localhost:5000/static/js/inventario.js - 404 Not Found: The requested URL was not found on the server. If you entered the URL manually please check your spelling and try again.
2025-04-02 13:03:56,538 - ERROR - Error 404: http://localhost:5000/static/js/inventario.js - 404 Not Found: The requested URL was not found on the server. If you entered the URL manually please check your spelling and try again.
2025-04-02 13:04:00,704 - ERROR - Error 404: http://localhost:5000/static/js/inventario.js - 404 Not Found: The requested URL was not found on the server. If you entered the URL manually please check your spelling and try again.
2025-04-02 13:04:17,108 - ERROR - Error 404: http://localhost:5000/static/js/inventario.js - 404 Not Found: The requested URL was not found on the server. If you entered the URL manually please check your spelling and try again.
2025-04-02 13:04:28,589 - ERROR - Error 404: http://localhost:5000/static/js/inventario.js - 404 Not Found: The requested URL was not found on the server. If you entered the URL manually please check your spelling and try again.
2025-04-02 13:04:58,543 - ERROR - Error 404: http://localhost:5000/static/js/inventario.js - 404 Not Found: The requested URL was not found on the server. If you entered the URL manually please check your spelling and try again.
2025-04-02 13:05:12,675 - ERROR - Error 404: http://localhost:5000/static/js/inventario.js - 404 Not Found: The requested URL was not found on the server. If you entered the URL manually please check your spelling and try again.
2025-04-02 13:05:34,162 - ERROR - Error 404: http://localhost:5000/static/js/inventario.js - 404 Not Found: The requested URL was not found on the server. If you entered the URL manually please check your spelling and try again.
2025-04-02 13:05:40,666 - ERROR - Error 404: http://localhost:5000/static/js/inventario.js - 404 Not Found: The requested URL was not found on the server. If you entered the URL manually please check your spelling and try again.
2025-04-02 13:05:42,868 - ERROR - Error 404: http://localhost:5000/static/js/inventario.js - 404 Not Found: The requested URL was not found on the server. If you entered the URL manually please check your spelling and try again.
2025-04-02 13:05:44,002 - ERROR - Error 404: http://localhost:5000/static/js/inventario.js - 404 Not Found: The requested URL was not found on the server. If you entered the URL manually please check your spelling and try again.
2025-04-02 13:05:46,656 - ERROR - Error 404: http://localhost:5000/static/js/inventario.js - 404 Not Found: The requested URL was not found on the server. If you entered the URL manually please check your spelling and try again.
2025-04-02 13:05:47,318 - ERROR - Error 404: http://localhost:5000/static/js/inventario.js - 404 Not Found: The requested URL was not found on the server. If you entered the URL manually please check your spelling and try again.
2025-04-02 13:05:49,636 - ERROR - Error 404: http://localhost:5000/static/js/inventario.js - 404 Not Found: The requested URL was not found on the server. If you entered the URL manually please check your spelling and try again.
2025-04-02 13:08:36,638 - ERROR - Error 404: http://localhost:5000/static/js/inventario.js - 404 Not Found: The requested URL was not found on the server. If you entered the URL manually please check your spelling and try again.
2025-04-02 13:08:43,590 - ERROR - Error 404: http://localhost:5000/static/js/inventario.js - 404 Not Found: The requested URL was not found on the server. If you entered the URL manually please check your spelling and try again.
2025-04-02 13:08:48,618 - ERROR - Error 404: http://localhost:5000/static/js/inventario.js - 404 Not Found: The requested URL was not found on the server. If you entered the URL manually please check your spelling and try again.
2025-04-02 13:08:50,788 - ERROR - Error 404: http://localhost:5000/static/js/inventario.js - 404 Not Found: The requested URL was not found on the server. If you entered the URL manually please check your spelling and try again.
2025-04-02 13:08:52,551 - ERROR - Error 404: http://localhost:5000/static/js/inventario.js - 404 Not Found: The requested URL was not found on the server. If you entered the URL manually please check your spelling and try again.
2025-04-02 13:09:04,932 - ERROR - Error 404: http://localhost:5000/static/js/inventario.js - 404 Not Found: The requested URL was not found on the server. If you entered the URL manually please check your spelling and try again.
2025-04-02 13:09:31,575 - ERROR - Error 404: http://localhost:5000/static/js/inventario.js - 404 Not Found: The requested URL was not found on the server. If you entered the URL manually please check your spelling and try again.
